 1977  pip install -U spacy
 1978  pip install -U spacy-lookups-data
 1979  python -m spacy download es_core_news_sm
 1985  python new_cleaner.py 
 1986  python cleaner_spacy.py 
 1987  python3.6 cleaner_spacy.py 
 1988  python -m spacy download es_core_news_sm
 1989  python3.6 -m spacy download es_core_news_sm
 1990  spacy -v
 1991  spacy 
 1992  pip install -U spacy
 1993  conda deactivate
 1994  pip install -U spacy
 1995  pip3 install -U spacy
 1996  exit
 1997  conda deactivate
 1998  python -m spacy validate
 1999  python3 -m spacy validate
 2000  python3.6 -m spacy validate
 2001  python -m spacy validate
 2002  python3 -m spacy validate
 2003  cd Documentos/LegalHub/programas/
 2004  python3 cleaner_spacy.py 
 2005  pip list
 2006  pip3 list
 2007  python3 -m spacy download es_core_news_sm
 2008  python3 cleaner_spacy.py 
 2009  history 
 2010  history > ../consola.log
